
> frontend@0.0.0 build
> vite build

vite v7.3.1 building client environment for production...
transforming...
✓ 21 modules transformed.
✗ Build failed in 782ms
error during build:
[vite:esbuild] Transform failed with 1 error:
/home/bea/chapuu/chapuu-web-frontend/src/pages/OrderTracker.jsx:310:13: ERROR: Expected ";" but found "text"
file: /home/bea/chapuu/chapuu-web-frontend/src/pages/OrderTracker.jsx:310:13

Expected ";" but found "text"
308 |      );
309 |  }
310 |  -primary-400 text-dark-900 font-bold py-3 rounded-xl shadow-[0_0_20px_rgba(249,115,22,0.3)] transition-all transform ...
    |               ^
311 |                              </div>
312 |                          </motion.div>

    at failureErrorWithLog (/home/bea/chapuu/chapuu-web-frontend/node_modules/esbuild/lib/main.js:1467:15)
    at /home/bea/chapuu/chapuu-web-frontend/node_modules/esbuild/lib/main.js:736:50
    at responseCallbacks.<computed> (/home/bea/chapuu/chapuu-web-frontend/node_modules/esbuild/lib/main.js:603:9)
    at handleIncomingPacket (/home/bea/chapuu/chapuu-web-frontend/node_modules/esbuild/lib/main.js:658:12)
    at Socket.readFromStdout (/home/bea/chapuu/chapuu-web-frontend/node_modules/esbuild/lib/main.js:581:7)
    at Socket.emit (node:events:508:28)
    at addChunk (node:internal/streams/readable:559:12)
    at readableAddChunkPushByteMode (node:internal/streams/readable:510:3)
    at Readable.push (node:internal/streams/readable:390:5)
    at Pipe.onStreamRead (node:internal/stream_base_commons:189:23)
